
2023-12-29 19:28:00 - 
         , ,\ ,'\,'\ ,'\ ,\ ,
   ,  ;\/ \/ \`'     `   '  /|
   |\/                      |
   :                        |
   :                        |
    |                       |
    :               -.     _|
     :                \     `.
     |         ________:______\.
     :       ,'o       / o    ;
     :       \       ,'-----./
      \_      `--.--'        )
     ,` `.              ,---'|
     : `                     |
      `,-'                   |
      /      ,---.          ,'
   ,-'            `-,------'   Developed By 
  '   `.        ,--'           AbathurCris!
 '     `-.____/
/           \.

2023-12-29 19:28:00 - 
__CONSULTA DE TOKEN__
2023-12-29 19:28:05 - Fecha a solicitar plaza: 2023-12-29
2023-12-29 19:28:05 - Cargando p치gina https://app-officemanager.raona.com
2023-12-29 19:28:06 - Cargando credenciales contrase침a ...
2023-12-29 19:28:07 - Iniciando sesion ...
2023-12-29 19:28:07 - Extrayendo tokens ...
2023-12-29 19:28:12 - Datos encontrados en localStorage: 
2023-12-29 19:28:12 - Cerrando Navegador
2023-12-29 19:28:14 - Tokens guardados en archivos separados
2023-12-29 19:28:14 - 
__SOLICITANDO PLAZA__
2023-12-29 19:28:14 - Reservando plaza...
2023-12-29 19:28:14 - Error HTTP: 409 - Ya existe una plaza reservada a esta fecha, Detalles: {"code":"409-12","mails":["david.castagneto@securitasdirect.es"]}
2023-12-29 19:28:15 - Estado de la respuesta: 200
2023-12-29 19:28:15 - Mensaje enviado!
2023-12-29 19:29:04 - 
         , ,\ ,'\,'\ ,'\ ,\ ,
   ,  ;\/ \/ \`'     `   '  /|
   |\/                      |
   :                        |
   :                        |
    |                       |
    :               -.     _|
     :                \     `.
     |         ________:______\.
     :       ,'o       / o    ;
     :       \       ,'-----./
      \_      `--.--'        )
     ,` `.              ,---'|
     : `                     |
      `,-'                   |
      /      ,---.          ,'
   ,-'            `-,------'   Developed By 
  '   `.        ,--'           AbathurCris!
 '     `-.____/
/           \.

2023-12-29 19:29:04 - 
__CONSULTA DE TOKEN__
2023-12-29 19:29:10 - Fecha a solicitar plaza: 2023-12-29
2023-12-29 19:29:10 - Cargando p치gina https://app-officemanager.raona.com
2023-12-29 19:29:11 - Cargando credenciales contrase침a ...
2023-12-29 19:29:11 - Iniciando sesion ...
2023-12-29 19:29:11 - Extrayendo tokens ...
2023-12-29 19:29:17 - Datos encontrados en localStorage: 
2023-12-29 19:29:17 - Cerrando Navegador
2023-12-29 19:29:19 - Tokens guardados en archivos separados
2023-12-29 19:29:19 - 
__SOLICITANDO PLAZA__
2023-12-29 19:29:19 - Reservando plaza...
2023-12-29 19:29:20 - Error HTTP: 409 - Ya existe una plaza reservada a esta fecha, Detalles: {"code":"409-12","mails":["david.castagneto@securitasdirect.es"]}
2023-12-29 19:29:20 - Estado de la respuesta: 200
2023-12-29 19:29:20 - Mensaje enviado!
